Backup successful for schema public on 20240505170501.
Backup completed at Sun May  5 17:05:02 KST 2024
Backup successful for schema public on 20240505170601.
Backup completed at Sun May  5 17:06:01 KST 2024
Backup successful for schema public on 20240505170701.
Backup completed at Sun May  5 17:07:01 KST 2024
Backup successful for schema public on 20240505170801.
Backup completed at Sun May  5 17:08:01 KST 2024
Backup successful for schema public on 20240505170901.
Backup completed at Sun May  5 17:09:01 KST 2024
Backup successful for schema public on 20240505171001.
Backup completed at Sun May  5 17:10:01 KST 2024
Backup successful for schema public on 20240505171101.
Backup completed at Sun May  5 17:11:02 KST 2024
Backup successful for schema public on 20240505171201.
Backup completed at Sun May  5 17:12:01 KST 2024
Backup successful for schema public on 20240505171301.
Backup completed at Sun May  5 17:13:01 KST 2024
Backup successful for schema public on 20240505171401.
Backup completed at Sun May  5 17:14:01 KST 2024
Backup successful for schema public on 20240506090001.
Backup completed at Mon May  6 09:00:02 KST 2024
Backup successful for schema public on 20240507090001.
Backup completed at Tue May  7 09:00:01 KST 2024
Backup successful for schema public on 20240508090001.
Backup completed at Wed May  8 09:00:01 KST 2024
Backup successful for schema public on 20240509090001.
Backup completed at Thu May  9 09:00:01 KST 2024
Backup successful for schema public on 20240510090001.
Backup completed at Fri May 10 09:00:02 KST 2024
